{"level":"info","message":"Connecting to database..."}
{"level":"info","message":"Database connected!"}
{"level":"info","message":"Server running on http://localhost:8765"}
{"level":"info","message":"Connecting to database..."}
{"level":"info","message":"Database connected!"}
{"level":"info","message":"Server running on http://localhost:8765"}
{"level":"info","message":"Connecting to database..."}
{"level":"info","message":"Database connected!"}
{"level":"info","message":"Server running on http://localhost:8765"}
{"level":"info","message":"Middleware Test Initialized"}
{"level":"info","message":"Connecting to database..."}
{"level":"info","message":"Database connected!"}
{"level":"info","message":"Server running on http://localhost:8765"}
{"level":"info","message":"Connecting to database..."}
{"level":"info","message":"Database connected!"}
{"level":"info","message":"Server running on http://localhost:8765"}
{"level":"info","message":"Connecting to database..."}
{"level":"info","message":"Database connected!"}
{"level":"info","message":"Server running on http://localhost:8765"}
{"level":"info","message":"Connecting to database..."}
{"level":"info","message":"Database connected!"}
{"level":"info","message":"Server running on http://localhost:8765"}
{"level":"info","message":"Connecting to database..."}
{"level":"info","message":"Database connected!"}
{"level":"info","message":"Server running on http://localhost:8765"}
{"level":"info","message":"Connecting to database..."}
{"level":"info","message":"Database connected!"}
{"level":"info","message":"Server running on http://localhost:8765"}
{"level":"info","message":"Connecting to database..."}
{"level":"info","message":"Database connected!"}
{"level":"info","message":"Server running on http://localhost:8765"}
{"level":"info","message":"Connecting to MongoDB..."}
{"level":"info","message":"MongoDB connected!"}
{"level":"error","message":"Failed to initialize: MongoStore is not a constructor","stack":"TypeError: MongoStore is not a constructor\n    at setupSessionAndFlash (file:///C:/Users/enricky.hipolito/Documents/gitjhonson/Node-BoilerPlate/main.js:141:13)\n    at connectAndSetup (file:///C:/Users/enricky.hipolito/Documents/gitjhonson/Node-BoilerPlate/main.js:222:5)\n    at process.processTicksAndRejections (node:internal/process/task_queues:95:5)"}
{"level":"info","message":"Connecting to MongoDB..."}
{"level":"info","message":"MongoDB connected!"}
{"level":"error","message":"Failed to initialize: MongoStore is not a constructor","stack":"TypeError: MongoStore is not a constructor\n    at setupSessionAndFlash (file:///C:/Users/enricky.hipolito/Documents/gitjhonson/Node-BoilerPlate/main.js:141:13)\n    at connectAndSetup (file:///C:/Users/enricky.hipolito/Documents/gitjhonson/Node-BoilerPlate/main.js:224:5)\n    at process.processTicksAndRejections (node:internal/process/task_queues:95:5)"}
{"level":"info","message":"Connecting to MongoDB..."}
{"level":"info","message":"MongoDB connected!"}
{"level":"error","message":"Failed to initialize: MongoStore is not a constructor","stack":"TypeError: MongoStore is not a constructor\n    at setupSessionAndFlash (file:///C:/Users/enricky.hipolito/Documents/gitjhonson/Node-BoilerPlate/main.js:143:13)\n    at connectAndSetup (file:///C:/Users/enricky.hipolito/Documents/gitjhonson/Node-BoilerPlate/main.js:226:5)\n    at process.processTicksAndRejections (node:internal/process/task_queues:95:5)"}
{"level":"info","message":"Connecting to MongoDB..."}
{"level":"info","message":"MongoDB connected!"}
{"level":"error","message":"Failed to initialize: MongoStore is not a constructor","stack":"TypeError: MongoStore is not a constructor\n    at setupSessionAndFlash (file:///C:/Users/enricky.hipolito/Documents/gitjhonson/Node-BoilerPlate/main.js:144:13)\n    at connectAndSetup (file:///C:/Users/enricky.hipolito/Documents/gitjhonson/Node-BoilerPlate/main.js:224:5)\n    at process.processTicksAndRejections (node:internal/process/task_queues:95:5)"}
{"level":"info","message":"Connecting to MongoDB..."}
{"level":"info","message":"MongoDB connected!"}
{"level":"error","message":"Failed to initialize: MongoStore is not a constructor","stack":"TypeError: MongoStore is not a constructor\n    at setupSessionAndFlash (file:///C:/Users/enricky.hipolito/Documents/gitjhonson/Node-BoilerPlate/main.js:144:13)\n    at connectAndSetup (file:///C:/Users/enricky.hipolito/Documents/gitjhonson/Node-BoilerPlate/main.js:224:5)\n    at process.processTicksAndRejections (node:internal/process/task_queues:95:5)"}
{"level":"info","message":"Connecting to MongoDB..."}
{"level":"info","message":"MongoDB connected!"}
{"level":"info","message":"Server running on http://localhost:8765"}
{"level":"info","message":"Connecting to MongoDB..."}
{"level":"info","message":"MongoDB connected!"}
{"level":"info","message":"Server running on http://localhost:8765"}
{"level":"info","message":"Connecting to MongoDB..."}
{"level":"info","message":"MongoDB connected!"}
{"level":"info","message":"Server running on http://localhost:8765"}
{"level":"info","message":"Middleware Test Initialized"}
{"level":"info","message":"Connecting to MongoDB..."}
{"level":"info","message":"Connecting to MongoDB..."}
{"level":"info","message":"MongoDB connected!"}
{"level":"info","message":"Server running on http://localhost:7654"}
{"level":"info","message":"MongoDB connected!"}
{"level":"info","message":"Server running on http://localhost:8765"}
{"level":"info","message":"Connecting to MongoDB..."}
{"level":"info","message":"Connecting to MongoDB..."}
{"level":"info","message":"MongoDB connected!"}
{"level":"info","message":"Server running on http://localhost:7654"}
{"level":"info","message":"MongoDB connected!"}
{"level":"info","message":"Server running on http://localhost:8765"}
{"level":"info","message":"Middleware Test Initialized"}
{"level":"info","message":"Middleware Test Initialized"}
{"level":"info","message":"Middleware Test Initialized"}
{"level":"info","message":"Connecting to MongoDB..."}
{"level":"info","message":"Connecting to MongoDB..."}
{"level":"info","message":"MongoDB connected!"}
{"level":"info","message":"MongoDB connected!"}
{"level":"info","message":"Server running on http://localhost:8765"}
{"level":"info","message":"Server running on http://localhost:7654"}
{"level":"info","message":"Connecting to MongoDB..."}
{"level":"info","message":"Connecting to MongoDB..."}
{"level":"info","message":"MongoDB connected!"}
{"level":"info","message":"Server running on http://localhost:7654"}
{"level":"info","message":"MongoDB connected!"}
{"level":"info","message":"Server running on http://localhost:8765"}
{"level":"info","message":"Middleware Test Initialized"}
{"level":"info","message":"Middleware Test Initialized"}
{"level":"info","message":"Connecting to MongoDB..."}
{"level":"info","message":"Connecting to MongoDB..."}
{"level":"info","message":"MongoDB connected!"}
{"level":"info","message":"Server running on http://localhost:7654"}
{"level":"info","message":"MongoDB connected!"}
{"level":"info","message":"Server running on http://localhost:8765"}
{"level":"info","message":"Connecting to MongoDB..."}
{"level":"info","message":"MongoDB connected!"}
{"level":"info","message":"Server running on http://localhost:7654"}
{"level":"info","message":"Connecting to MongoDB..."}
{"level":"info","message":"MongoDB connected!"}
{"level":"info","message":"Server running on http://localhost:7654"}
{"level":"info","message":"Connecting to MongoDB..."}
{"level":"info","message":"MongoDB connected!"}
{"level":"info","message":"Server running on http://localhost:7654"}
{"level":"info","message":"Connecting to MongoDB..."}
{"level":"info","message":"MongoDB connected!"}
{"level":"info","message":"Server running on http://localhost:7654"}
{"level":"info","message":"Connecting to MongoDB..."}
{"level":"info","message":"MongoDB connected!"}
{"level":"info","message":"Server running on http://localhost:7654"}
{"level":"info","message":"Connecting to MongoDB..."}
{"level":"info","message":"MongoDB connected!"}
{"level":"info","message":"Server running on http://localhost:7654"}
{"level":"info","message":"Middleware Test Initialized"}
{"level":"info","message":"Middleware Test Initialized"}
{"level":"info","message":"Connecting to MongoDB..."}
{"level":"info","message":"MongoDB connected!"}
{"level":"info","message":"Server running on http://localhost:8765"}
{"level":"info","message":"Middleware Test Initialized"}
{"level":"info","message":"Connecting to MongoDB..."}
{"level":"info","message":"MongoDB connected!"}
{"level":"info","message":"Server running on http://localhost:8765"}
{"level":"info","message":"Connecting to MongoDB..."}
{"level":"info","message":"MongoDB connected!"}
{"level":"info","message":"Server running on http://localhost:8765"}
{"level":"info","message":"Connecting to MongoDB..."}
{"level":"info","message":"MongoDB connected!"}
{"level":"info","message":"Server running on http://localhost:8765"}
{"level":"info","message":"Connecting to MongoDB..."}
{"level":"info","message":"MongoDB connected!"}
{"level":"info","message":"Server running on http://localhost:8765"}
{"level":"info","message":"Connecting to MongoDB..."}
{"level":"info","message":"MongoDB connected!"}
{"level":"info","message":"Server running on http://localhost:8765"}
{"level":"info","message":"Middleware Test Initialized"}
{"level":"info","message":"Middleware Test Initialized"}
{"level":"info","message":"Connecting to MongoDB..."}
{"level":"info","message":"MongoDB connected!"}
{"level":"info","message":"Server running on http://localhost:8765"}
{"level":"info","message":"MongoDB"}
{"level":"info","message":"MongoDB connected!"}
{"level":"info","message":"Server running on http://localhost:8765"}
{"level":"info","message":"MongoDB"}
{"level":"info","message":"MongoDB connected!"}
{"level":"info","message":"Server running on http://localhost:8765"}
{"level":"info","message":"MongoDB"}
{"level":"info","message":"MongoDB connected!"}
{"level":"info","message":"Server running on http://localhost:8765"}
{"level":"info","message":"MongoDB"}
{"level":"info","message":"MongoDB connected!"}
{"level":"info","message":"Server running on http://localhost:8765"}
{"level":"info","message":"MongoDB"}
{"level":"info","message":"MongoDB connected!"}
{"level":"info","message":"Server running on http://localhost:8765"}
{"level":"info","message":"MongoDB"}
{"level":"info","message":"MongoDB connected!"}
{"level":"info","message":"Server running on http://localhost:8765"}
{"level":"info","message":"MongoDB"}
{"level":"info","message":"MongoDB connected!"}
{"level":"info","message":"Server running on http://localhost:8765"}
{"level":"info","message":"MongoDB"}
{"level":"info","message":"MongoDB connected!"}
{"level":"info","message":"Server running on http://localhost:8765"}
{"level":"info","message":"MongoDB"}
{"level":"info","message":"MongoDB connected!"}
{"level":"info","message":"Server running on http://localhost:8765"}
{"level":"info","message":"MongoDB"}
{"level":"info","message":"MongoDB connected!"}
{"level":"info","message":"Server running on http://localhost:8765"}
{"level":"info","message":"MongoDB"}
{"level":"info","message":"MongoDB connected!"}
{"level":"info","message":"Server running on http://localhost:8765"}
{"level":"info","message":"MongoDB"}
{"level":"info","message":"MongoDB connected!"}
{"level":"info","message":"Server running on http://localhost:8765"}
{"level":"info","message":"MongoDB"}
{"level":"info","message":"MongoDB connected!"}
{"level":"info","message":"Server running on http://localhost:8765"}
{"level":"info","message":"MongoDB"}
{"level":"info","message":"MongoDB connected!"}
{"level":"info","message":"Server running on http://localhost:8765"}
{"level":"info","message":"MongoDB"}
{"level":"info","message":"MongoDB connected!"}
{"level":"info","message":"Server running on http://localhost:8765"}
{"level":"info","message":"MongoDB"}
{"level":"info","message":"MongoDB connected!"}
{"level":"info","message":"Server running on http://localhost:8765"}
{"level":"info","message":"MongoDB"}
{"level":"info","message":"MongoDB connected!"}
{"level":"info","message":"Server running on http://localhost:8765"}
{"level":"info","message":"MongoDB"}
{"level":"info","message":"MongoDB connected!"}
{"level":"info","message":"Server running on http://localhost:8765"}
{"level":"info","message":"MongoDB"}
{"level":"info","message":"MongoDB connected!"}
{"level":"info","message":"Server running on http://localhost:8765"}
